[13-Sep-2024 16:07:58 UTC] Erreur d’événement de replanification de tâche pour le crochet action_scheduler_run_queue. Code d’erreur : could_not_set. Message d’erreur : La liste des évènements planifiés n’a pas pu être sauvegardée.. Données : {"schedule":"every_minute","args":["WP Cron"],"interval":60}
[14-Sep-2024 01:32:24 UTC] PHP Warning:  Attempt to read property "name" on null in /Users/jo/Local Sites/planty/app/public/wp-content/plugins/ocean-extra/includes/menu-icons/includes/settings.php on line 455
[14-Sep-2024 01:32:24 UTC] PHP Warning:  Attempt to read property "name" on null in /Users/jo/Local Sites/planty/app/public/wp-content/plugins/ocean-extra/includes/menu-icons/includes/settings.php on line 455
[15-Sep-2024 12:49:08 UTC] PHP Warning:  Attempt to read property "name" on null in /Users/jo/Local Sites/planty/app/public/wp-content/plugins/ocean-extra/includes/menu-icons/includes/settings.php on line 455
[15-Sep-2024 12:49:08 UTC] PHP Warning:  Attempt to read property "name" on null in /Users/jo/Local Sites/planty/app/public/wp-content/plugins/ocean-extra/includes/menu-icons/includes/settings.php on line 455
[15-Sep-2024 13:00:47 UTC] PHP Warning:  Attempt to read property "name" on null in /Users/jo/Local Sites/planty/app/public/wp-content/plugins/ocean-extra/includes/menu-icons/includes/settings.php on line 455
[15-Sep-2024 13:00:47 UTC] PHP Warning:  Attempt to read property "name" on null in /Users/jo/Local Sites/planty/app/public/wp-content/plugins/ocean-extra/includes/menu-icons/includes/settings.php on line 455
[16-Sep-2024 16:59:33 UTC] [Image Optimizer]: info in ImageOptimization\Modules\Core\Components\Migrations->run_migration(): The migration `fix_optimized_size_keys` successfully executed.
[16-Sep-2024 16:59:38 UTC] [Image Optimizer]: info in ImageOptimization\Modules\Core\Components\Migrations->run_migration(): The migration `fix_mime_type` successfully executed.
[16-Sep-2024 16:59:43 UTC] PHP Warning:  Undefined array key "editor_post_id" in /Users/jo/Local Sites/planty/app/public/wp-content/plugins/elementor/modules/history/revisions-manager.php on line 363
[16-Sep-2024 21:28:37 UTC] PHP Warning:  Undefined array key "editor_post_id" in /Users/jo/Local Sites/planty/app/public/wp-content/plugins/elementor/modules/history/revisions-manager.php on line 363
[16-Sep-2024 21:59:04 UTC] PHP Warning:  Undefined array key "editor_post_id" in /Users/jo/Local Sites/planty/app/public/wp-content/plugins/elementor/modules/history/revisions-manager.php on line 363
[16-Sep-2024 22:37:28 UTC] [Image Optimizer]: info in ImageOptimization\Modules\ConnectManager\Components\Connect->get_connect_status(): Status check error. Reason: User is not connected
[16-Sep-2024 23:15:58 UTC] [Image Optimizer]: info in ImageOptimization\Modules\ConnectManager\Components\Connect->get_connect_status(): Status check error. Reason: User is not connected
[17-Sep-2024 00:28:58 UTC] [Image Optimizer]: info in ImageOptimization\Modules\ConnectManager\Components\Connect->get_connect_status(): Status check error. Reason: User is not connected
[17-Sep-2024 03:06:37 UTC] [Image Optimizer]: info in ImageOptimization\Modules\ConnectManager\Components\Connect->get_connect_status(): Status check error. Reason: User is not connected
[17-Sep-2024 03:07:02 UTC] [Image Optimizer]: info in ImageOptimization\Modules\ConnectManager\Components\Connect->get_connect_status(): Status check error. Reason: User is not connected
[17-Sep-2024 03:07:08 UTC] [Image Optimizer]: info in ImageOptimization\Modules\ConnectManager\Components\Connect->get_connect_status(): Status check error. Reason: User is not connected
[17-Sep-2024 03:07:12 UTC] [Image Optimizer]: info in ImageOptimization\Modules\ConnectManager\Components\Connect->get_connect_status(): Status check error. Reason: User is not connected
[17-Sep-2024 03:07:17 UTC] [Image Optimizer]: info in ImageOptimization\Modules\ConnectManager\Components\Connect->get_connect_status(): Status check error. Reason: User is not connected
[17-Sep-2024 03:07:20 UTC] [Image Optimizer]: info in ImageOptimization\Modules\ConnectManager\Components\Connect->get_connect_status(): Status check error. Reason: User is not connected
[17-Sep-2024 03:07:25 UTC] [Image Optimizer]: info in ImageOptimization\Modules\ConnectManager\Components\Connect->get_connect_status(): Status check error. Reason: User is not connected
[17-Sep-2024 11:45:41 UTC] [Image Optimizer]: info in ImageOptimization\Modules\ConnectManager\Components\Connect->get_connect_status(): Status check error. Reason: User is not connected
[17-Sep-2024 11:46:06 UTC] [Image Optimizer]: info in ImageOptimization\Modules\ConnectManager\Components\Connect->get_connect_status(): Status check error. Reason: User is not connected
[17-Sep-2024 11:46:27 UTC] [Image Optimizer]: info in ImageOptimization\Modules\ConnectManager\Components\Connect->get_connect_status(): Status check error. Reason: User is not connected
[17-Sep-2024 11:46:31 UTC] [Image Optimizer]: info in ImageOptimization\Modules\ConnectManager\Components\Connect->get_connect_status(): Status check error. Reason: User is not connected
[17-Sep-2024 11:46:32 UTC] [Image Optimizer]: info in ImageOptimization\Modules\ConnectManager\Components\Connect->get_connect_status(): Status check error. Reason: User is not connected
[17-Sep-2024 11:47:42 UTC] [Image Optimizer]: info in ImageOptimization\Modules\ConnectManager\Components\Connect->get_connect_status(): Status check error. Reason: User is not connected
[17-Sep-2024 11:47:47 UTC] [Image Optimizer]: info in ImageOptimization\Modules\ConnectManager\Components\Connect->get_connect_status(): Status check error. Reason: User is not connected
[17-Sep-2024 11:49:49 UTC] [Image Optimizer]: info in ImageOptimization\Modules\ConnectManager\Components\Connect->get_connect_status(): Status check error. Reason: User is not connected
[17-Sep-2024 12:16:29 UTC] [Image Optimizer]: info in ImageOptimization\Modules\ConnectManager\Components\Connect->get_connect_status(): Status check error. Reason: User is not connected
[17-Sep-2024 13:36:41 UTC] PHP Warning:  Undefined array key "editor_post_id" in /Users/jo/Local Sites/planty/app/public/wp-content/plugins/elementor/modules/history/revisions-manager.php on line 363
[17-Sep-2024 13:37:24 UTC] PHP Warning:  Undefined array key "editor_post_id" in /Users/jo/Local Sites/planty/app/public/wp-content/plugins/elementor/modules/history/revisions-manager.php on line 363
[17-Sep-2024 13:40:20 UTC] PHP Warning:  Undefined array key "id" in /Users/jo/Local Sites/planty/app/public/wp-content/plugins/elementor/includes/managers/image.php on line 41
[17-Sep-2024 13:40:20 UTC] PHP Warning:  Undefined array key "id" in /Users/jo/Local Sites/planty/app/public/wp-content/plugins/elementor/includes/managers/image.php on line 41
[17-Sep-2024 13:40:20 UTC] PHP Warning:  Trying to access array offset on value of type bool in /Users/jo/Local Sites/planty/app/public/wp-content/plugins/elementor/includes/managers/image.php on line 113
[17-Sep-2024 13:40:20 UTC] PHP Warning:  Trying to access array offset on value of type bool in /Users/jo/Local Sites/planty/app/public/wp-content/plugins/elementor/includes/managers/image.php on line 113
[17-Sep-2024 13:40:20 UTC] PHP Warning:  Trying to access array offset on value of type bool in /Users/jo/Local Sites/planty/app/public/wp-content/plugins/elementor/includes/managers/image.php on line 113
[17-Sep-2024 13:40:20 UTC] PHP Warning:  Trying to access array offset on value of type bool in /Users/jo/Local Sites/planty/app/public/wp-content/plugins/elementor/includes/managers/image.php on line 113
[17-Sep-2024 13:40:20 UTC] PHP Warning:  Trying to access array offset on value of type bool in /Users/jo/Local Sites/planty/app/public/wp-content/plugins/elementor/includes/managers/image.php on line 113
[17-Sep-2024 13:40:20 UTC] PHP Warning:  Trying to access array offset on value of type bool in /Users/jo/Local Sites/planty/app/public/wp-content/plugins/elementor/includes/managers/image.php on line 113
[17-Sep-2024 13:40:20 UTC] PHP Warning:  Trying to access array offset on value of type bool in /Users/jo/Local Sites/planty/app/public/wp-content/plugins/elementor/includes/managers/image.php on line 113
[17-Sep-2024 13:40:20 UTC] PHP Warning:  Trying to access array offset on value of type bool in /Users/jo/Local Sites/planty/app/public/wp-content/plugins/elementor/includes/managers/image.php on line 113
[17-Sep-2024 13:40:20 UTC] PHP Warning:  Trying to access array offset on value of type bool in /Users/jo/Local Sites/planty/app/public/wp-content/plugins/elementor/includes/managers/image.php on line 113
[17-Sep-2024 13:40:20 UTC] PHP Warning:  Trying to access array offset on value of type bool in /Users/jo/Local Sites/planty/app/public/wp-content/plugins/elementor/includes/managers/image.php on line 113
[17-Sep-2024 13:40:20 UTC] PHP Warning:  Trying to access array offset on value of type bool in /Users/jo/Local Sites/planty/app/public/wp-content/plugins/elementor/includes/managers/image.php on line 113
[17-Sep-2024 13:41:36 UTC] [Image Optimizer]: info in ImageOptimization\Modules\ConnectManager\Components\Connect->get_connect_status(): Status check error. Reason: User is not connected
[17-Sep-2024 13:41:41 UTC] [Image Optimizer]: info in ImageOptimization\Modules\ConnectManager\Components\Connect->get_connect_status(): Status check error. Reason: User is not connected
[17-Sep-2024 13:41:51 UTC] [Image Optimizer]: info in ImageOptimization\Modules\ConnectManager\Components\Connect->get_connect_status(): Status check error. Reason: User is not connected
[17-Sep-2024 13:45:23 UTC] [Image Optimizer]: info in ImageOptimization\Modules\ConnectManager\Components\Connect->get_connect_status(): Status check error. Reason: User is not connected
[17-Sep-2024 13:48:35 UTC] PHP Warning:  Undefined array key "editor_post_id" in /Users/jo/Local Sites/planty/app/public/wp-content/plugins/elementor/modules/history/revisions-manager.php on line 363
[17-Sep-2024 13:57:58 UTC] [Image Optimizer]: info in ImageOptimization\Modules\ConnectManager\Components\Connect->get_connect_status(): Status check error. Reason: User is not connected
[17-Sep-2024 13:58:04 UTC] [Image Optimizer]: info in ImageOptimization\Modules\ConnectManager\Components\Connect->get_connect_status(): Status check error. Reason: User is not connected
[18-Sep-2024 00:10:41 UTC] [Image Optimizer]: info in ImageOptimization\Modules\ConnectManager\Components\Connect->get_connect_status(): Status check error. Reason: User is not connected
[18-Sep-2024 00:10:47 UTC] [Image Optimizer]: info in ImageOptimization\Modules\ConnectManager\Components\Connect->get_connect_status(): Status check error. Reason: User is not connected
[18-Sep-2024 00:10:52 UTC] [Image Optimizer]: info in ImageOptimization\Modules\ConnectManager\Components\Connect->get_connect_status(): Status check error. Reason: User is not connected
[18-Sep-2024 00:10:57 UTC] [Image Optimizer]: info in ImageOptimization\Modules\ConnectManager\Components\Connect->get_connect_status(): Status check error. Reason: User is not connected
[18-Sep-2024 00:11:02 UTC] [Image Optimizer]: info in ImageOptimization\Modules\ConnectManager\Components\Connect->get_connect_status(): Status check error. Reason: User is not connected
[18-Sep-2024 00:11:07 UTC] [Image Optimizer]: info in ImageOptimization\Modules\ConnectManager\Components\Connect->get_connect_status(): Status check error. Reason: User is not connected
[18-Sep-2024 00:11:12 UTC] [Image Optimizer]: info in ImageOptimization\Modules\ConnectManager\Components\Connect->get_connect_status(): Status check error. Reason: User is not connected
[18-Sep-2024 00:11:17 UTC] [Image Optimizer]: info in ImageOptimization\Modules\ConnectManager\Components\Connect->get_connect_status(): Status check error. Reason: User is not connected
[18-Sep-2024 00:11:22 UTC] [Image Optimizer]: info in ImageOptimization\Modules\ConnectManager\Components\Connect->get_connect_status(): Status check error. Reason: User is not connected
[18-Sep-2024 00:11:27 UTC] [Image Optimizer]: info in ImageOptimization\Modules\ConnectManager\Components\Connect->get_connect_status(): Status check error. Reason: User is not connected
[18-Sep-2024 00:46:36 UTC] [Image Optimizer]: info in ImageOptimization\Modules\ConnectManager\Components\Connect->get_connect_status(): Status check error. Reason: User is not connected
[18-Sep-2024 00:46:39 UTC] [Image Optimizer]: info in ImageOptimization\Modules\ConnectManager\Components\Connect->get_connect_status(): Status check error. Reason: User is not connected
[18-Sep-2024 00:46:45 UTC] [Image Optimizer]: info in ImageOptimization\Modules\ConnectManager\Components\Connect->get_connect_status(): Status check error. Reason: User is not connected
[18-Sep-2024 00:46:50 UTC] [Image Optimizer]: info in ImageOptimization\Modules\ConnectManager\Components\Connect->get_connect_status(): Status check error. Reason: User is not connected
[18-Sep-2024 00:46:55 UTC] [Image Optimizer]: info in ImageOptimization\Modules\ConnectManager\Components\Connect->get_connect_status(): Status check error. Reason: User is not connected
[18-Sep-2024 00:47:00 UTC] [Image Optimizer]: info in ImageOptimization\Modules\ConnectManager\Components\Connect->get_connect_status(): Status check error. Reason: User is not connected
[18-Sep-2024 00:47:06 UTC] [Image Optimizer]: info in ImageOptimization\Modules\ConnectManager\Components\Connect->get_connect_status(): Status check error. Reason: User is not connected
[18-Sep-2024 00:47:10 UTC] [Image Optimizer]: info in ImageOptimization\Modules\ConnectManager\Components\Connect->get_connect_status(): Status check error. Reason: User is not connected
[18-Sep-2024 00:47:15 UTC] [Image Optimizer]: info in ImageOptimization\Modules\ConnectManager\Components\Connect->get_connect_status(): Status check error. Reason: User is not connected
[18-Sep-2024 00:47:20 UTC] [Image Optimizer]: info in ImageOptimization\Modules\ConnectManager\Components\Connect->get_connect_status(): Status check error. Reason: User is not connected
[18-Sep-2024 00:47:25 UTC] [Image Optimizer]: info in ImageOptimization\Modules\ConnectManager\Components\Connect->get_connect_status(): Status check error. Reason: User is not connected
[18-Sep-2024 00:47:30 UTC] [Image Optimizer]: info in ImageOptimization\Modules\ConnectManager\Components\Connect->get_connect_status(): Status check error. Reason: User is not connected
[18-Sep-2024 00:47:35 UTC] [Image Optimizer]: info in ImageOptimization\Modules\ConnectManager\Components\Connect->get_connect_status(): Status check error. Reason: User is not connected
[18-Sep-2024 00:47:40 UTC] [Image Optimizer]: info in ImageOptimization\Modules\ConnectManager\Components\Connect->get_connect_status(): Status check error. Reason: User is not connected
[18-Sep-2024 00:47:45 UTC] [Image Optimizer]: info in ImageOptimization\Modules\ConnectManager\Components\Connect->get_connect_status(): Status check error. Reason: User is not connected
[18-Sep-2024 00:47:50 UTC] [Image Optimizer]: info in ImageOptimization\Modules\ConnectManager\Components\Connect->get_connect_status(): Status check error. Reason: User is not connected
